2025-02-13 18:34:29.547 [info] Reading sessions from keychain...
2025-02-13 18:34:29.547 [info] Getting sessions for all scopes...
2025-02-13 18:34:29.547 [info] Getting sessions for all scopes...
2025-02-13 18:34:29.547 [info] Got stored sessions!
2025-02-13 18:34:29.547 [info] Got 4 verified sessions.
2025-02-13 18:34:29.547 [info] Got 4 sessions for ...
2025-02-13 18:34:29.547 [info] Got 4 sessions for ...
2025-02-13 18:34:29.547 [info] Getting sessions for all scopes...
2025-02-13 18:34:29.547 [info] Got 4 sessions for ...
2025-02-13 18:34:29.547 [info] Getting sessions for all scopes...
2025-02-13 18:34:29.547 [info] Got 4 sessions for ...
2025-02-13 18:34:29.547 [info] Getting sessions for all scopes...
2025-02-13 18:34:29.547 [info] Got 4 sessions for ...
2025-02-13 18:34:30.900 [info] Getting sessions for user:email...
2025-02-13 18:34:30.900 [info] Got 1 sessions for user:email...
2025-02-13 18:34:30.937 [info] Getting sessions for user:email...
2025-02-13 18:34:30.937 [info] Got 1 sessions for user:email...
2025-02-13 18:34:30.945 [info] Getting sessions for read:org,user:email...
2025-02-13 18:34:30.945 [info] Got 1 sessions for read:org,user:email...
2025-02-13 18:34:31.633 [info] Getting sessions for all scopes...
2025-02-13 18:34:31.633 [info] Got 4 sessions for ...
2025-02-13 18:34:31.682 [info] Getting sessions for read:user,repo,user:email,workflow...
2025-02-13 18:34:31.682 [info] Got 1 sessions for read:user,repo,user:email,workflow...
2025-02-13 18:34:31.886 [info] Getting sessions for all scopes...
2025-02-13 18:34:31.886 [info] Got 4 sessions for ...
2025-02-13 18:34:31.886 [info] Getting sessions for all scopes...
2025-02-13 18:34:31.886 [info] Got 4 sessions for ...
2025-02-13 18:34:32.103 [info] Getting sessions for read:user,repo,user:email,workflow...
2025-02-13 18:34:32.103 [info] Got 1 sessions for read:user,repo,user:email,workflow...
2025-02-13 18:34:32.150 [info] Getting sessions for all scopes...
2025-02-13 18:34:32.150 [info] Got 4 sessions for ...
2025-02-13 18:34:32.163 [info] Getting sessions for read:user,repo,user:email,workflow...
2025-02-13 18:34:32.163 [info] Got 1 sessions for read:user,repo,user:email,workflow...
2025-02-13 18:34:32.200 [info] Getting sessions for all scopes...
2025-02-13 18:34:32.200 [info] Got 4 sessions for ...
2025-02-13 18:34:32.206 [info] Getting sessions for read:user,repo,user:email,workflow...
2025-02-13 18:34:32.206 [info] Got 1 sessions for read:user,repo,user:email,workflow...
2025-02-13 18:34:32.438 [info] Getting sessions for all scopes...
2025-02-13 18:34:32.438 [info] Got 4 sessions for ...
2025-02-13 18:34:32.455 [info] Getting sessions for read:user,repo,user:email,workflow...
2025-02-13 18:34:32.455 [info] Got 1 sessions for read:user,repo,user:email,workflow...
2025-02-13 18:34:32.497 [info] Getting sessions for read:user,repo,user:email,workflow...
2025-02-13 18:34:32.497 [info] Got 1 sessions for read:user,repo,user:email,workflow...
2025-02-13 18:34:32.786 [info] Getting sessions for all scopes...
2025-02-13 18:34:32.786 [info] Got 4 sessions for ...
2025-02-13 18:34:32.787 [info] Getting sessions for all scopes...
2025-02-13 18:34:32.787 [info] Got 4 sessions for ...
2025-02-13 18:34:32.801 [info] Getting sessions for read:user,repo,user:email,workflow...
2025-02-13 18:34:32.801 [info] Got 1 sessions for read:user,repo,user:email,workflow...
2025-02-13 18:34:32.812 [info] Getting sessions for all scopes...
2025-02-13 18:34:32.812 [info] Got 4 sessions for ...
2025-02-13 18:34:32.832 [info] Getting sessions for read:user,repo,user:email,workflow...
2025-02-13 18:34:32.832 [info] Got 1 sessions for read:user,repo,user:email,workflow...
2025-02-13 18:34:32.983 [info] Getting sessions for all scopes...
2025-02-13 18:34:32.983 [info] Got 4 sessions for ...
2025-02-13 18:34:33.017 [info] Getting sessions for read:user,repo,user:email,workflow...
2025-02-13 18:34:33.017 [info] Got 1 sessions for read:user,repo,user:email,workflow...
2025-02-13 18:34:33.609 [info] Getting sessions for all scopes...
2025-02-13 18:34:33.609 [info] Got 4 sessions for ...
2025-02-13 18:34:33.609 [info] Getting sessions for all scopes...
2025-02-13 18:34:33.609 [info] Got 4 sessions for ...
2025-02-13 18:34:33.610 [info] Getting sessions for read:user,repo,user:email,workflow...
2025-02-13 18:34:33.610 [info] Got 1 sessions for read:user,repo,user:email,workflow...
2025-02-13 18:34:34.041 [info] Getting sessions for all scopes...
2025-02-13 18:34:34.041 [info] Got 4 sessions for ...
2025-02-13 18:34:34.042 [info] Getting sessions for read:user,repo,user:email,workflow...
2025-02-13 18:34:34.042 [info] Got 1 sessions for read:user,repo,user:email,workflow...
